android/app/build/intermediates/manifest_merge_blame_file/debug/manifest-merger-blame-debug-report.txt
1<?xml version="1.0" encoding="utf-8"?>
2<manifest xmlns:android="http://schemas.android.com/apk/res/android"
3    package="org.tensorflow.lite.examples.transfer"
4    android:versionCode="1"
5    android:versionName="1.0" >
6
7    <uses-sdk
8        android:minSdkVersion="26"
8-->src\main\AndroidManifest.xml
9        android:targetSdkVersion="29" />
9-->src\main\AndroidManifest.xml
10
11    <uses-feature
11-->src\main\AndroidManifest.xml:5:3-96
12        android:name="android.hardware.sensor.accelerometer"
12-->src\main\AndroidManifest.xml:5:17-69
13        android:required="true" />
13-->src\main\AndroidManifest.xml:5:70-93
14    <uses-feature
14-->src\main\AndroidManifest.xml:6:3-92
15        android:name="android.hardware.sensor.gyroscope"
15-->src\main\AndroidManifest.xml:6:17-65
16        android:required="true" />
16-->src\main\AndroidManifest.xml:6:66-89
17
18    <uses-permission android:name="android.permission.VIBRATE" />
18-->src\main\AndroidManifest.xml:7:3-63
18-->src\main\AndroidManifest.xml:7:20-61
19    <uses-permission android:name="android.permission.WRITE_EXTERNAL_STORAGE" />
19-->src\main\AndroidManifest.xml:8:3-78
19-->src\main\AndroidManifest.xml:8:20-76
20
21    <application
21-->src\main\AndroidManifest.xml:10:3-25:17
22        android:allowBackup="true"
22-->src\main\AndroidManifest.xml:11:7-33
23        android:appComponentFactory="androidx.core.app.CoreComponentFactory"
23-->[androidx.core:core:1.1.0] AndroidManifest.xml:24:18-86
24        android:configChanges="orientation"
24-->src\main\AndroidManifest.xml:12:7-42
25        android:debuggable="true"
26        android:icon="@drawable/ic_launcher"
26-->src\main\AndroidManifest.xml:13:7-43
27        android:label="@string/app_name"
27-->src\main\AndroidManifest.xml:14:7-39
28        android:testOnly="true"
29        android:theme="@style/AppTheme" >
29-->src\main\AndroidManifest.xml:15:7-38
30        <activity
30-->src\main\AndroidManifest.xml:16:5-24:16
31            android:name="org.tensorflow.lite.examples.transfer.MainActivity"
31-->src\main\AndroidManifest.xml:17:9-74
32            android:exported="true"
32-->src\main\AndroidManifest.xml:18:9-32
33            android:screenOrientation="portrait" >
33-->src\main\AndroidManifest.xml:19:9-45
34            <intent-filter>
34-->src\main\AndroidManifest.xml:20:7-23:23
35                <action android:name="android.intent.action.MAIN" />
35-->src\main\AndroidManifest.xml:21:9-60
35-->src\main\AndroidManifest.xml:21:17-58
36
37                <category android:name="android.intent.category.LAUNCHER" />
37-->src\main\AndroidManifest.xml:22:9-68
37-->src\main\AndroidManifest.xml:22:19-66
38            </intent-filter>
39        </activity>
40
41        <provider
41-->[androidx.lifecycle:lifecycle-process:2.1.0-rc01] AndroidManifest.xml:23:9-27:43
42            android:name="androidx.lifecycle.ProcessLifecycleOwnerInitializer"
42-->[androidx.lifecycle:lifecycle-process:2.1.0-rc01] AndroidManifest.xml:24:13-79
43            android:authorities="org.tensorflow.lite.examples.transfer.lifecycle-process"
43-->[androidx.lifecycle:lifecycle-process:2.1.0-rc01] AndroidManifest.xml:25:13-69
44            android:exported="false"
44-->[androidx.lifecycle:lifecycle-process:2.1.0-rc01] AndroidManifest.xml:26:13-37
45            android:multiprocess="true" />
45-->[androidx.lifecycle:lifecycle-process:2.1.0-rc01] AndroidManifest.xml:27:13-40
46    </application>
47
48</manifest>